Build output check failed:
    Regex: 'argument .* is not valid'
    Output line: 'cc1: warning: ‘-Werror=’ argument ‘-Werror=non-virtual-dtor’ is not valid for C'
Compilation failed:
    source file: '/home/danis/Documents/ARGOS/embedded-rasp-system/lib/build/CMakeFiles/CMakeTmp/src.c'
    check option: ' -fsigned-char -W -Wall -Werror=return-type  -Werror=non-virtual-dtor'
===== BUILD LOG =====
Change Dir: /home/danis/Documents/ARGOS/embedded-rasp-system/lib/build/CMakeFiles/CMakeTmp

Run Build Command(s):/usr/bin/make cmTC_b744f/fast && /usr/bin/make -f CMakeFiles/cmTC_b744f.dir/build.make CMakeFiles/cmTC_b744f.dir/build
make[1]: Entering directory '/home/danis/Documents/ARGOS/embedded-rasp-system/lib/build/CMakeFiles/CMakeTmp'
Building C object CMakeFiles/cmTC_b744f.dir/src.c.o
/usr/bin/cc   -O3 -DNDEBUG -fPIE    -fsigned-char -W -Wall -Werror=return-type  -Werror=non-virtual-dtor -o CMakeFiles/cmTC_b744f.dir/src.c.o   -c /home/danis/Documents/ARGOS/embedded-rasp-system/lib/build/CMakeFiles/CMakeTmp/src.c
cc1: warning: ‘-Werror=’ argument ‘-Werror=non-virtual-dtor’ is not valid for C
/home/danis/Documents/ARGOS/embedded-rasp-system/lib/build/CMakeFiles/CMakeTmp/src.c:1: warning: ignoring #pragma   [-Wunknown-pragmas]
    1 | #pragma
      | 
Linking C executable cmTC_b744f
/usr/bin/cmake -E cmake_link_script CMakeFiles/cmTC_b744f.dir/link.txt --verbose=1
/usr/bin/cc   -O3 -DNDEBUG    CMakeFiles/cmTC_b744f.dir/src.c.o  -o cmTC_b744f 
make[1]: Leaving directory '/home/danis/Documents/ARGOS/embedded-rasp-system/lib/build/CMakeFiles/CMakeTmp'


===== END =====

Build output check failed:
    Regex: 'command[- ]line option .* is valid for .* but not for C\+\+'
    Output line: 'cc1plus: warning: command line option ‘-Wmissing-prototypes’ is valid for C/ObjC but not for C++'
Compilation failed:
    source file: '/home/danis/Documents/ARGOS/embedded-rasp-system/lib/build/CMakeFiles/CMakeTmp/src.cxx'
    check option: ' -fsigned-char -W -Wall -Werror=return-type -Werror=non-virtual-dtor -Werror=address -Werror=sequence-point -Wformat -Werror=format-security -Wmissing-declarations  -Wmissing-prototypes'
===== BUILD LOG =====
Change Dir: /home/danis/Documents/ARGOS/embedded-rasp-system/lib/build/CMakeFiles/CMakeTmp

Run Build Command(s):/usr/bin/make cmTC_aee9f/fast && /usr/bin/make -f CMakeFiles/cmTC_aee9f.dir/build.make CMakeFiles/cmTC_aee9f.dir/build
make[1]: Entering directory '/home/danis/Documents/ARGOS/embedded-rasp-system/lib/build/CMakeFiles/CMakeTmp'
Building CXX object CMakeFiles/cmTC_aee9f.dir/src.cxx.o
/usr/bin/c++    -O3 -DNDEBUG -fPIE    -fsigned-char -W -Wall -Werror=return-type -Werror=non-virtual-dtor -Werror=address -Werror=sequence-point -Wformat -Werror=format-security -Wmissing-declarations  -Wmissing-prototypes -std=c++11 -o CMakeFiles/cmTC_aee9f.dir/src.cxx.o -c /home/danis/Documents/ARGOS/embedded-rasp-system/lib/build/CMakeFiles/CMakeTmp/src.cxx
cc1plus: warning: command line option ‘-Wmissing-prototypes’ is valid for C/ObjC but not for C++
/home/danis/Documents/ARGOS/embedded-rasp-system/lib/build/CMakeFiles/CMakeTmp/src.cxx:1: warning: ignoring #pragma   [-Wunknown-pragmas]
    1 | #pragma
      | 
Linking CXX executable cmTC_aee9f
/usr/bin/cmake -E cmake_link_script CMakeFiles/cmTC_aee9f.dir/link.txt --verbose=1
/usr/bin/c++    -O3 -DNDEBUG    CMakeFiles/cmTC_aee9f.dir/src.cxx.o  -o cmTC_aee9f 
make[1]: Leaving directory '/home/danis/Documents/ARGOS/embedded-rasp-system/lib/build/CMakeFiles/CMakeTmp'


===== END =====

Build output check failed:
    Regex: 'command[- ]line option .* is valid for .* but not for C\+\+'
    Output line: 'cc1plus: warning: command line option ‘-Wstrict-prototypes’ is valid for C/ObjC but not for C++'
Compilation failed:
    source file: '/home/danis/Documents/ARGOS/embedded-rasp-system/lib/build/CMakeFiles/CMakeTmp/src.cxx'
    check option: ' -fsigned-char -W -Wall -Werror=return-type -Werror=non-virtual-dtor -Werror=address -Werror=sequence-point -Wformat -Werror=format-security -Wmissing-declarations  -Wstrict-prototypes'
===== BUILD LOG =====
Change Dir: /home/danis/Documents/ARGOS/embedded-rasp-system/lib/build/CMakeFiles/CMakeTmp

Run Build Command(s):/usr/bin/make cmTC_0f394/fast && /usr/bin/make -f CMakeFiles/cmTC_0f394.dir/build.make CMakeFiles/cmTC_0f394.dir/build
make[1]: Entering directory '/home/danis/Documents/ARGOS/embedded-rasp-system/lib/build/CMakeFiles/CMakeTmp'
Building CXX object CMakeFiles/cmTC_0f394.dir/src.cxx.o
/usr/bin/c++    -O3 -DNDEBUG -fPIE    -fsigned-char -W -Wall -Werror=return-type -Werror=non-virtual-dtor -Werror=address -Werror=sequence-point -Wformat -Werror=format-security -Wmissing-declarations  -Wstrict-prototypes -std=c++11 -o CMakeFiles/cmTC_0f394.dir/src.cxx.o -c /home/danis/Documents/ARGOS/embedded-rasp-system/lib/build/CMakeFiles/CMakeTmp/src.cxx
cc1plus: warning: command line option ‘-Wstrict-prototypes’ is valid for C/ObjC but not for C++
/home/danis/Documents/ARGOS/embedded-rasp-system/lib/build/CMakeFiles/CMakeTmp/src.cxx:1: warning: ignoring #pragma   [-Wunknown-pragmas]
    1 | #pragma
      | 
Linking CXX executable cmTC_0f394
/usr/bin/cmake -E cmake_link_script CMakeFiles/cmTC_0f394.dir/link.txt --verbose=1
/usr/bin/c++    -O3 -DNDEBUG    CMakeFiles/cmTC_0f394.dir/src.cxx.o  -o cmTC_0f394 
make[1]: Leaving directory '/home/danis/Documents/ARGOS/embedded-rasp-system/lib/build/CMakeFiles/CMakeTmp'


===== END =====

Build output check failed:
    Regex: 'command[- ]line option .* is valid for .* but not for C'
    Output line: 'cc1: warning: command line option ‘-Wsign-promo’ is valid for C++/ObjC++ but not for C'
Compilation failed:
    source file: '/home/danis/Documents/ARGOS/embedded-rasp-system/lib/build/CMakeFiles/CMakeTmp/src.c'
    check option: ' -fsigned-char -W -Wall -Werror=return-type -Werror=address -Werror=sequence-point -Wformat -Werror=format-security -Wmissing-declarations -Wmissing-prototypes -Wstrict-prototypes -Wundef -Winit-self -Wpointer-arith -Wshadow  -Wsign-promo'
===== BUILD LOG =====
Change Dir: /home/danis/Documents/ARGOS/embedded-rasp-system/lib/build/CMakeFiles/CMakeTmp

Run Build Command(s):/usr/bin/make cmTC_a77b0/fast && /usr/bin/make -f CMakeFiles/cmTC_a77b0.dir/build.make CMakeFiles/cmTC_a77b0.dir/build
make[1]: Entering directory '/home/danis/Documents/ARGOS/embedded-rasp-system/lib/build/CMakeFiles/CMakeTmp'
Building C object CMakeFiles/cmTC_a77b0.dir/src.c.o
/usr/bin/cc   -O3 -DNDEBUG -fPIE    -fsigned-char -W -Wall -Werror=return-type -Werror=address -Werror=sequence-point -Wformat -Werror=format-security -Wmissing-declarations -Wmissing-prototypes -Wstrict-prototypes -Wundef -Winit-self -Wpointer-arith -Wshadow  -Wsign-promo -o CMakeFiles/cmTC_a77b0.dir/src.c.o   -c /home/danis/Documents/ARGOS/embedded-rasp-system/lib/build/CMakeFiles/CMakeTmp/src.c
cc1: warning: command line option ‘-Wsign-promo’ is valid for C++/ObjC++ but not for C
/home/danis/Documents/ARGOS/embedded-rasp-system/lib/build/CMakeFiles/CMakeTmp/src.c:1: warning: ignoring #pragma   [-Wunknown-pragmas]
    1 | #pragma
      | 
Linking C executable cmTC_a77b0
/usr/bin/cmake -E cmake_link_script CMakeFiles/cmTC_a77b0.dir/link.txt --verbose=1
/usr/bin/cc   -O3 -DNDEBUG    CMakeFiles/cmTC_a77b0.dir/src.c.o  -o cmTC_a77b0 
make[1]: Leaving directory '/home/danis/Documents/ARGOS/embedded-rasp-system/lib/build/CMakeFiles/CMakeTmp'


===== END =====

Build output check failed:
    Regex: 'command[- ]line option .* is valid for .* but not for C'
    Output line: 'cc1: warning: command line option ‘-Wsuggest-override’ is valid for C++/ObjC++ but not for C'
Compilation failed:
    source file: '/home/danis/Documents/ARGOS/embedded-rasp-system/lib/build/CMakeFiles/CMakeTmp/src.c'
    check option: ' -fsigned-char -W -Wall -Werror=return-type -Werror=address -Werror=sequence-point -Wformat -Werror=format-security -Wmissing-declarations -Wmissing-prototypes -Wstrict-prototypes -Wundef -Winit-self -Wpointer-arith -Wshadow -Wuninitialized  -Wsuggest-override'
===== BUILD LOG =====
Change Dir: /home/danis/Documents/ARGOS/embedded-rasp-system/lib/build/CMakeFiles/CMakeTmp

Run Build Command(s):/usr/bin/make cmTC_5d981/fast && /usr/bin/make -f CMakeFiles/cmTC_5d981.dir/build.make CMakeFiles/cmTC_5d981.dir/build
make[1]: Entering directory '/home/danis/Documents/ARGOS/embedded-rasp-system/lib/build/CMakeFiles/CMakeTmp'
Building C object CMakeFiles/cmTC_5d981.dir/src.c.o
/usr/bin/cc   -O3 -DNDEBUG -fPIE    -fsigned-char -W -Wall -Werror=return-type -Werror=address -Werror=sequence-point -Wformat -Werror=format-security -Wmissing-declarations -Wmissing-prototypes -Wstrict-prototypes -Wundef -Winit-self -Wpointer-arith -Wshadow -Wuninitialized  -Wsuggest-override -o CMakeFiles/cmTC_5d981.dir/src.c.o   -c /home/danis/Documents/ARGOS/embedded-rasp-system/lib/build/CMakeFiles/CMakeTmp/src.c
cc1: warning: command line option ‘-Wsuggest-override’ is valid for C++/ObjC++ but not for C
/home/danis/Documents/ARGOS/embedded-rasp-system/lib/build/CMakeFiles/CMakeTmp/src.c:1: warning: ignoring #pragma   [-Wunknown-pragmas]
    1 | #pragma
      | 
Linking C executable cmTC_5d981
/usr/bin/cmake -E cmake_link_script CMakeFiles/cmTC_5d981.dir/link.txt --verbose=1
/usr/bin/cc   -O3 -DNDEBUG    CMakeFiles/cmTC_5d981.dir/src.c.o  -o cmTC_5d981 
make[1]: Leaving directory '/home/danis/Documents/ARGOS/embedded-rasp-system/lib/build/CMakeFiles/CMakeTmp'


===== END =====

Build output check failed:
    Regex: 'command[- ]line option .* is valid for .* but not for C'
    Output line: 'cc1: warning: command line option ‘-Wno-delete-non-virtual-dtor’ is valid for C++/ObjC++ but not for C'
Compilation failed:
    source file: '/home/danis/Documents/ARGOS/embedded-rasp-system/lib/build/CMakeFiles/CMakeTmp/src.c'
    check option: ' -fsigned-char -W -Wall -Werror=return-type -Werror=address -Werror=sequence-point -Wformat -Werror=format-security -Wmissing-declarations -Wmissing-prototypes -Wstrict-prototypes -Wundef -Winit-self -Wpointer-arith -Wshadow -Wuninitialized  -Wno-delete-non-virtual-dtor'
===== BUILD LOG =====
Change Dir: /home/danis/Documents/ARGOS/embedded-rasp-system/lib/build/CMakeFiles/CMakeTmp

Run Build Command(s):/usr/bin/make cmTC_b9188/fast && /usr/bin/make -f CMakeFiles/cmTC_b9188.dir/build.make CMakeFiles/cmTC_b9188.dir/build
make[1]: Entering directory '/home/danis/Documents/ARGOS/embedded-rasp-system/lib/build/CMakeFiles/CMakeTmp'
Building C object CMakeFiles/cmTC_b9188.dir/src.c.o
/usr/bin/cc   -O3 -DNDEBUG -fPIE    -fsigned-char -W -Wall -Werror=return-type -Werror=address -Werror=sequence-point -Wformat -Werror=format-security -Wmissing-declarations -Wmissing-prototypes -Wstrict-prototypes -Wundef -Winit-self -Wpointer-arith -Wshadow -Wuninitialized  -Wno-delete-non-virtual-dtor -o CMakeFiles/cmTC_b9188.dir/src.c.o   -c /home/danis/Documents/ARGOS/embedded-rasp-system/lib/build/CMakeFiles/CMakeTmp/src.c
cc1: warning: command line option ‘-Wno-delete-non-virtual-dtor’ is valid for C++/ObjC++ but not for C
/home/danis/Documents/ARGOS/embedded-rasp-system/lib/build/CMakeFiles/CMakeTmp/src.c:1: warning: ignoring #pragma   [-Wunknown-pragmas]
    1 | #pragma
      | 
Linking C executable cmTC_b9188
/usr/bin/cmake -E cmake_link_script CMakeFiles/cmTC_b9188.dir/link.txt --verbose=1
/usr/bin/cc   -O3 -DNDEBUG    CMakeFiles/cmTC_b9188.dir/src.c.o  -o cmTC_b9188 
make[1]: Leaving directory '/home/danis/Documents/ARGOS/embedded-rasp-system/lib/build/CMakeFiles/CMakeTmp'


===== END =====

Build output check failed:
    Regex: 'unrecognized .*option'
    Output line: 'cc1plus: warning: unrecognized command line option ‘-Wno-unnamed-type-template-args’'
Compilation failed:
    source file: '/home/danis/Documents/ARGOS/embedded-rasp-system/lib/build/CMakeFiles/CMakeTmp/src.cxx'
    check option: ' -fsigned-char -W -Wall -Werror=return-type -Werror=non-virtual-dtor -Werror=address -Werror=sequence-point -Wformat -Werror=format-security -Wmissing-declarations -Wundef -Winit-self -Wpointer-arith -Wshadow -Wsign-promo -Wuninitialized -Wsuggest-override -Wno-delete-non-virtual-dtor  -Wno-unnamed-type-template-args'
===== BUILD LOG =====
Change Dir: /home/danis/Documents/ARGOS/embedded-rasp-system/lib/build/CMakeFiles/CMakeTmp

Run Build Command(s):/usr/bin/make cmTC_6ac7a/fast && /usr/bin/make -f CMakeFiles/cmTC_6ac7a.dir/build.make CMakeFiles/cmTC_6ac7a.dir/build
make[1]: Entering directory '/home/danis/Documents/ARGOS/embedded-rasp-system/lib/build/CMakeFiles/CMakeTmp'
Building CXX object CMakeFiles/cmTC_6ac7a.dir/src.cxx.o
/usr/bin/c++    -O3 -DNDEBUG -fPIE    -fsigned-char -W -Wall -Werror=return-type -Werror=non-virtual-dtor -Werror=address -Werror=sequence-point -Wformat -Werror=format-security -Wmissing-declarations -Wundef -Winit-self -Wpointer-arith -Wshadow -Wsign-promo -Wuninitialized -Wsuggest-override -Wno-delete-non-virtual-dtor  -Wno-unnamed-type-template-args -std=c++11 -o CMakeFiles/cmTC_6ac7a.dir/src.cxx.o -c /home/danis/Documents/ARGOS/embedded-rasp-system/lib/build/CMakeFiles/CMakeTmp/src.cxx
/home/danis/Documents/ARGOS/embedded-rasp-system/lib/build/CMakeFiles/CMakeTmp/src.cxx:1: warning: ignoring #pragma   [-Wunknown-pragmas]
    1 | #pragma
      | 
cc1plus: warning: unrecognized command line option ‘-Wno-unnamed-type-template-args’
Linking CXX executable cmTC_6ac7a
/usr/bin/cmake -E cmake_link_script CMakeFiles/cmTC_6ac7a.dir/link.txt --verbose=1
/usr/bin/c++    -O3 -DNDEBUG    CMakeFiles/cmTC_6ac7a.dir/src.cxx.o  -o cmTC_6ac7a 
make[1]: Leaving directory '/home/danis/Documents/ARGOS/embedded-rasp-system/lib/build/CMakeFiles/CMakeTmp'


===== END =====

Build output check failed:
    Regex: 'unrecognized .*option'
    Output line: 'cc1: warning: unrecognized command line option ‘-Wno-unnamed-type-template-args’'
Compilation failed:
    source file: '/home/danis/Documents/ARGOS/embedded-rasp-system/lib/build/CMakeFiles/CMakeTmp/src.c'
    check option: ' -fsigned-char -W -Wall -Werror=return-type -Werror=address -Werror=sequence-point -Wformat -Werror=format-security -Wmissing-declarations -Wmissing-prototypes -Wstrict-prototypes -Wundef -Winit-self -Wpointer-arith -Wshadow -Wuninitialized  -Wno-unnamed-type-template-args'
===== BUILD LOG =====
Change Dir: /home/danis/Documents/ARGOS/embedded-rasp-system/lib/build/CMakeFiles/CMakeTmp

Run Build Command(s):/usr/bin/make cmTC_38a57/fast && /usr/bin/make -f CMakeFiles/cmTC_38a57.dir/build.make CMakeFiles/cmTC_38a57.dir/build
make[1]: Entering directory '/home/danis/Documents/ARGOS/embedded-rasp-system/lib/build/CMakeFiles/CMakeTmp'
Building C object CMakeFiles/cmTC_38a57.dir/src.c.o
/usr/bin/cc   -O3 -DNDEBUG -fPIE    -fsigned-char -W -Wall -Werror=return-type -Werror=address -Werror=sequence-point -Wformat -Werror=format-security -Wmissing-declarations -Wmissing-prototypes -Wstrict-prototypes -Wundef -Winit-self -Wpointer-arith -Wshadow -Wuninitialized  -Wno-unnamed-type-template-args -o CMakeFiles/cmTC_38a57.dir/src.c.o   -c /home/danis/Documents/ARGOS/embedded-rasp-system/lib/build/CMakeFiles/CMakeTmp/src.c
/home/danis/Documents/ARGOS/embedded-rasp-system/lib/build/CMakeFiles/CMakeTmp/src.c:1: warning: ignoring #pragma   [-Wunknown-pragmas]
    1 | #pragma
      | 
cc1: warning: unrecognized command line option ‘-Wno-unnamed-type-template-args’
Linking C executable cmTC_38a57
/usr/bin/cmake -E cmake_link_script CMakeFiles/cmTC_38a57.dir/link.txt --verbose=1
/usr/bin/cc   -O3 -DNDEBUG    CMakeFiles/cmTC_38a57.dir/src.c.o  -o cmTC_38a57 
make[1]: Leaving directory '/home/danis/Documents/ARGOS/embedded-rasp-system/lib/build/CMakeFiles/CMakeTmp'


===== END =====

Build output check failed:
    Regex: 'command[- ]line option .* is valid for .* but not for C'
    Output line: 'cc1: warning: command line option ‘-fvisibility-inlines-hidden’ is valid for C++/ObjC++ but not for C'
Compilation failed:
    source file: '/home/danis/Documents/ARGOS/embedded-rasp-system/lib/build/CMakeFiles/CMakeTmp/src.c'
    check option: ' -fsigned-char -W -Wall -Werror=return-type -Werror=address -Werror=sequence-point -Wformat -Werror=format-security -Wmissing-declarations -Wmissing-prototypes -Wstrict-prototypes -Wundef -Winit-self -Wpointer-arith -Wshadow -Wuninitialized -Wno-comment -Wimplicit-fallthrough=3 -Wno-strict-overflow -fdiagnostics-show-option -Wno-long-long -pthread -fomit-frame-pointer -ffunction-sections -fdata-sections  -msse -msse2 -msse3 -fvisibility=hidden  -fvisibility-inlines-hidden'
===== BUILD LOG =====
Change Dir: /home/danis/Documents/ARGOS/embedded-rasp-system/lib/build/CMakeFiles/CMakeTmp

Run Build Command(s):/usr/bin/make cmTC_b1ea6/fast && /usr/bin/make -f CMakeFiles/cmTC_b1ea6.dir/build.make CMakeFiles/cmTC_b1ea6.dir/build
make[1]: Entering directory '/home/danis/Documents/ARGOS/embedded-rasp-system/lib/build/CMakeFiles/CMakeTmp'
Building C object CMakeFiles/cmTC_b1ea6.dir/src.c.o
/usr/bin/cc   -O3 -DNDEBUG -fPIE    -fsigned-char -W -Wall -Werror=return-type -Werror=address -Werror=sequence-point -Wformat -Werror=format-security -Wmissing-declarations -Wmissing-prototypes -Wstrict-prototypes -Wundef -Winit-self -Wpointer-arith -Wshadow -Wuninitialized -Wno-comment -Wimplicit-fallthrough=3 -Wno-strict-overflow -fdiagnostics-show-option -Wno-long-long -pthread -fomit-frame-pointer -ffunction-sections -fdata-sections  -msse -msse2 -msse3 -fvisibility=hidden  -fvisibility-inlines-hidden -o CMakeFiles/cmTC_b1ea6.dir/src.c.o   -c /home/danis/Documents/ARGOS/embedded-rasp-system/lib/build/CMakeFiles/CMakeTmp/src.c
cc1: warning: command line option ‘-fvisibility-inlines-hidden’ is valid for C++/ObjC++ but not for C
/home/danis/Documents/ARGOS/embedded-rasp-system/lib/build/CMakeFiles/CMakeTmp/src.c:1: warning: ignoring #pragma   [-Wunknown-pragmas]
    1 | #pragma
      | 
Linking C executable cmTC_b1ea6
/usr/bin/cmake -E cmake_link_script CMakeFiles/cmTC_b1ea6.dir/link.txt --verbose=1
/usr/bin/cc   -O3 -DNDEBUG    CMakeFiles/cmTC_b1ea6.dir/src.c.o  -o cmTC_b1ea6 
make[1]: Leaving directory '/home/danis/Documents/ARGOS/embedded-rasp-system/lib/build/CMakeFiles/CMakeTmp'


===== END =====

Build output check failed:
    Regex: 'unrecognized .*option'
    Output line: 'cc1: warning: unrecognized command line option ‘-Wno-implicit-const-int-float-conversion’'
Compilation failed:
    source file: '/home/danis/Documents/ARGOS/embedded-rasp-system/lib/build/CMakeFiles/CMakeTmp/src.c'
    check option: ' -Wno-implicit-const-int-float-conversion'
===== BUILD LOG =====
Change Dir: /home/danis/Documents/ARGOS/embedded-rasp-system/lib/build/CMakeFiles/CMakeTmp

Run Build Command(s):/usr/bin/make cmTC_60e18/fast && /usr/bin/make -f CMakeFiles/cmTC_60e18.dir/build.make CMakeFiles/cmTC_60e18.dir/build
make[1]: Entering directory '/home/danis/Documents/ARGOS/embedded-rasp-system/lib/build/CMakeFiles/CMakeTmp'
Building C object CMakeFiles/cmTC_60e18.dir/src.c.o
/usr/bin/cc   -fsigned-char -W -Wall -Werror=return-type -Werror=address -Werror=sequence-point -Wformat -Werror=format-security -Wmissing-declarations -Wmissing-prototypes -Wstrict-prototypes -Wundef -Winit-self -Wpointer-arith -Wshadow -Wuninitialized -Wno-comment -Wimplicit-fallthrough=3 -Wno-strict-overflow -fdiagnostics-show-option -Wno-long-long -pthread -fomit-frame-pointer -ffunction-sections -fdata-sections  -msse -msse2 -msse3 -fvisibility=hidden  -O3 -DNDEBUG  -DNDEBUG -fPIE    -Wno-implicit-const-int-float-conversion -o CMakeFiles/cmTC_60e18.dir/src.c.o   -c /home/danis/Documents/ARGOS/embedded-rasp-system/lib/build/CMakeFiles/CMakeTmp/src.c
/home/danis/Documents/ARGOS/embedded-rasp-system/lib/build/CMakeFiles/CMakeTmp/src.c:1: warning: ignoring #pragma   [-Wunknown-pragmas]
    1 | #pragma
      | 
cc1: warning: unrecognized command line option ‘-Wno-implicit-const-int-float-conversion’
Linking C executable cmTC_60e18
/usr/bin/cmake -E cmake_link_script CMakeFiles/cmTC_60e18.dir/link.txt --verbose=1
/usr/bin/cc    -fsigned-char -W -Wall -Werror=return-type -Werror=address -Werror=sequence-point -Wformat -Werror=format-security -Wmissing-declarations -Wmissing-prototypes -Wstrict-prototypes -Wundef -Winit-self -Wpointer-arith -Wshadow -Wuninitialized -Wno-comment -Wimplicit-fallthrough=3 -Wno-strict-overflow -fdiagnostics-show-option -Wno-long-long -pthread -fomit-frame-pointer -ffunction-sections -fdata-sections  -msse -msse2 -msse3 -fvisibility=hidden  -O3 -DNDEBUG  -DNDEBUG    -Wl,--gc-sections -Wl,--as-needed  CMakeFiles/cmTC_60e18.dir/src.c.o  -o cmTC_60e18 
make[1]: Leaving directory '/home/danis/Documents/ARGOS/embedded-rasp-system/lib/build/CMakeFiles/CMakeTmp'


===== END =====

Determining if the _aligned_malloc exist failed with the following output:
Change Dir: /home/danis/Documents/ARGOS/embedded-rasp-system/lib/build/CMakeFiles/CMakeTmp

Run Build Command(s):/usr/bin/make cmTC_15b03/fast && /usr/bin/make -f CMakeFiles/cmTC_15b03.dir/build.make CMakeFiles/cmTC_15b03.dir/build
make[1]: Entering directory '/home/danis/Documents/ARGOS/embedded-rasp-system/lib/build/CMakeFiles/CMakeTmp'
Building C object CMakeFiles/cmTC_15b03.dir/CheckSymbolExists.c.o
/usr/bin/cc   -fsigned-char -W -Wall -Werror=return-type -Werror=address -Werror=sequence-point -Wformat -Werror=format-security -Wmissing-declarations -Wmissing-prototypes -Wstrict-prototypes -Wundef -Winit-self -Wpointer-arith -Wshadow -Wuninitialized -Wno-comment -Wimplicit-fallthrough=3 -Wno-strict-overflow -fdiagnostics-show-option -Wno-long-long -pthread -fomit-frame-pointer -ffunction-sections -fdata-sections  -msse -msse2 -msse3 -fvisibility=hidden  -O3 -DNDEBUG  -DNDEBUG -fPIE   -o CMakeFiles/cmTC_15b03.dir/CheckSymbolExists.c.o   -c /home/danis/Documents/ARGOS/embedded-rasp-system/lib/build/CMakeFiles/CMakeTmp/CheckSymbolExists.c
/home/danis/Documents/ARGOS/embedded-rasp-system/lib/build/CMakeFiles/CMakeTmp/CheckSymbolExists.c: In function ‘main’:
/home/danis/Documents/ARGOS/embedded-rasp-system/lib/build/CMakeFiles/CMakeTmp/CheckSymbolExists.c:8:19: error: ‘_aligned_malloc’ undeclared (first use in this function)
    8 |   return ((int*)(&_aligned_malloc))[argc];
      |                   ^~~~~~~~~~~~~~~
/home/danis/Documents/ARGOS/embedded-rasp-system/lib/build/CMakeFiles/CMakeTmp/CheckSymbolExists.c:8:19: note: each undeclared identifier is reported only once for each function it appears in
/home/danis/Documents/ARGOS/embedded-rasp-system/lib/build/CMakeFiles/CMakeTmp/CheckSymbolExists.c:4:14: warning: parameter ‘argc’ set but not used [-Wunused-but-set-parameter]
    4 | int main(int argc, char** argv)
      |          ~~~~^~~~
make[1]: *** [CMakeFiles/cmTC_15b03.dir/build.make:66: CMakeFiles/cmTC_15b03.dir/CheckSymbolExists.c.o] Error 1
make[1]: Leaving directory '/home/danis/Documents/ARGOS/embedded-rasp-system/lib/build/CMakeFiles/CMakeTmp'
make: *** [Makefile:121: cmTC_15b03/fast] Error 2


File /home/danis/Documents/ARGOS/embedded-rasp-system/lib/build/CMakeFiles/CMakeTmp/CheckSymbolExists.c:
/* */
#include <malloc.h>

int main(int argc, char** argv)
{
  (void)argv;
#ifndef _aligned_malloc
  return ((int*)(&_aligned_malloc))[argc];
#else
  (void)argc;
  return 0;
#endif
}
Determining if the function sgemm_ exists failed with the following output:
Change Dir: /home/danis/Documents/ARGOS/embedded-rasp-system/lib/build/CMakeFiles/CMakeTmp

Run Build Command(s):/usr/bin/make cmTC_6c090/fast && /usr/bin/make -f CMakeFiles/cmTC_6c090.dir/build.make CMakeFiles/cmTC_6c090.dir/build
make[1]: Entering directory '/home/danis/Documents/ARGOS/embedded-rasp-system/lib/build/CMakeFiles/CMakeTmp'
Building C object CMakeFiles/cmTC_6c090.dir/CheckFunctionExists.c.o
/usr/bin/cc   -fsigned-char -W -Wall -Werror=return-type -Werror=address -Werror=sequence-point -Wformat -Werror=format-security -Wmissing-declarations -Wmissing-prototypes -Wstrict-prototypes -Wundef -Winit-self -Wpointer-arith -Wshadow -Wuninitialized -Wno-comment -Wimplicit-fallthrough=3 -Wno-strict-overflow -fdiagnostics-show-option -Wno-long-long -pthread -fomit-frame-pointer -ffunction-sections -fdata-sections  -msse -msse2 -msse3 -fvisibility=hidden -DCHECK_FUNCTION_EXISTS=sgemm_ -O3 -DNDEBUG  -DNDEBUG -fPIE   -o CMakeFiles/cmTC_6c090.dir/CheckFunctionExists.c.o   -c /usr/share/cmake-3.16/Modules/CheckFunctionExists.c
Linking C executable cmTC_6c090
/usr/bin/cmake -E cmake_link_script CMakeFiles/cmTC_6c090.dir/link.txt --verbose=1
/usr/bin/cc    -fsigned-char -W -Wall -Werror=return-type -Werror=address -Werror=sequence-point -Wformat -Werror=format-security -Wmissing-declarations -Wmissing-prototypes -Wstrict-prototypes -Wundef -Winit-self -Wpointer-arith -Wshadow -Wuninitialized -Wno-comment -Wimplicit-fallthrough=3 -Wno-strict-overflow -fdiagnostics-show-option -Wno-long-long -pthread -fomit-frame-pointer -ffunction-sections -fdata-sections  -msse -msse2 -msse3 -fvisibility=hidden -DCHECK_FUNCTION_EXISTS=sgemm_ -O3 -DNDEBUG  -DNDEBUG    -Wl,--gc-sections -Wl,--as-needed  CMakeFiles/cmTC_6c090.dir/CheckFunctionExists.c.o  -o cmTC_6c090 
/usr/bin/ld: CMakeFiles/cmTC_6c090.dir/CheckFunctionExists.c.o: in function `main':
CheckFunctionExists.c:(.text.startup.main+0x10): undefined reference to `sgemm_'
collect2: error: ld returned 1 exit status
make[1]: *** [CMakeFiles/cmTC_6c090.dir/build.make:87: cmTC_6c090] Error 1
make[1]: Leaving directory '/home/danis/Documents/ARGOS/embedded-rasp-system/lib/build/CMakeFiles/CMakeTmp'
make: *** [Makefile:121: cmTC_6c090/fast] Error 2



Determining if the function cheev_ exists failed with the following output:
Change Dir: /home/danis/Documents/ARGOS/embedded-rasp-system/lib/build/CMakeFiles/CMakeTmp

Run Build Command(s):/usr/bin/make cmTC_f452d/fast && /usr/bin/make -f CMakeFiles/cmTC_f452d.dir/build.make CMakeFiles/cmTC_f452d.dir/build
make[1]: Entering directory '/home/danis/Documents/ARGOS/embedded-rasp-system/lib/build/CMakeFiles/CMakeTmp'
Building C object CMakeFiles/cmTC_f452d.dir/CheckFunctionExists.c.o
/usr/bin/cc   -fsigned-char -W -Wall -Werror=return-type -Werror=address -Werror=sequence-point -Wformat -Werror=format-security -Wmissing-declarations -Wmissing-prototypes -Wstrict-prototypes -Wundef -Winit-self -Wpointer-arith -Wshadow -Wuninitialized -Wno-comment -Wimplicit-fallthrough=3 -Wno-strict-overflow -fdiagnostics-show-option -Wno-long-long -pthread -fomit-frame-pointer -ffunction-sections -fdata-sections  -msse -msse2 -msse3 -fvisibility=hidden -DCHECK_FUNCTION_EXISTS=cheev_ -O3 -DNDEBUG  -DNDEBUG -fPIE   -o CMakeFiles/cmTC_f452d.dir/CheckFunctionExists.c.o   -c /usr/share/cmake-3.16/Modules/CheckFunctionExists.c
Linking C executable cmTC_f452d
/usr/bin/cmake -E cmake_link_script CMakeFiles/cmTC_f452d.dir/link.txt --verbose=1
/usr/bin/cc    -fsigned-char -W -Wall -Werror=return-type -Werror=address -Werror=sequence-point -Wformat -Werror=format-security -Wmissing-declarations -Wmissing-prototypes -Wstrict-prototypes -Wundef -Winit-self -Wpointer-arith -Wshadow -Wuninitialized -Wno-comment -Wimplicit-fallthrough=3 -Wno-strict-overflow -fdiagnostics-show-option -Wno-long-long -pthread -fomit-frame-pointer -ffunction-sections -fdata-sections  -msse -msse2 -msse3 -fvisibility=hidden -DCHECK_FUNCTION_EXISTS=cheev_ -O3 -DNDEBUG  -DNDEBUG    -Wl,--gc-sections -Wl,--as-needed  CMakeFiles/cmTC_f452d.dir/CheckFunctionExists.c.o  -o cmTC_f452d  /usr/lib/x86_64-linux-gnu/libf77blas.so /usr/lib/x86_64-linux-gnu/libatlas.so 
/usr/bin/ld: CMakeFiles/cmTC_f452d.dir/CheckFunctionExists.c.o: in function `main':
CheckFunctionExists.c:(.text.startup.main+0x10): undefined reference to `cheev_'
collect2: error: ld returned 1 exit status
make[1]: *** [CMakeFiles/cmTC_f452d.dir/build.make:89: cmTC_f452d] Error 1
make[1]: Leaving directory '/home/danis/Documents/ARGOS/embedded-rasp-system/lib/build/CMakeFiles/CMakeTmp'
make: *** [Makefile:121: cmTC_f452d/fast] Error 2



Build output check failed:
    Regex: 'command[- ]line option .* is valid for .* but not for C\+\+'
    Output line: 'cc1plus: warning: command line option ‘-Wno-missing-prototypes’ is valid for C/ObjC but not for C++'
Compilation failed:
    source file: '/home/danis/Documents/ARGOS/embedded-rasp-system/lib/build/CMakeFiles/CMakeTmp/src.cxx'
    check option: ' -Wno-missing-prototypes'
===== BUILD LOG =====
Change Dir: /home/danis/Documents/ARGOS/embedded-rasp-system/lib/build/CMakeFiles/CMakeTmp

Run Build Command(s):/usr/bin/make cmTC_fcccd/fast && /usr/bin/make -f CMakeFiles/cmTC_fcccd.dir/build.make CMakeFiles/cmTC_fcccd.dir/build
make[1]: Entering directory '/home/danis/Documents/ARGOS/embedded-rasp-system/lib/build/CMakeFiles/CMakeTmp'
Building CXX object CMakeFiles/cmTC_fcccd.dir/src.cxx.o
/usr/bin/c++    -fsigned-char -W -Wall -Werror=return-type -Werror=non-virtual-dtor -Werror=address -Werror=sequence-point -Wformat -Werror=format-security -Wmissing-declarations -Wundef -Winit-self -Wpointer-arith -Wshadow -Wsign-promo -Wuninitialized -Wsuggest-override -Wno-delete-non-virtual-dtor -Wno-comment -Wimplicit-fallthrough=3 -Wno-strict-overflow -fdiagnostics-show-option -Wno-long-long -pthread -fomit-frame-pointer -ffunction-sections -fdata-sections  -msse -msse2 -msse3 -fvisibility=hidden -fvisibility-inlines-hidden -Wno-deprecated  -O3 -DNDEBUG  -DNDEBUG -fPIE    -Wno-missing-prototypes -std=c++11 -o CMakeFiles/cmTC_fcccd.dir/src.cxx.o -c /home/danis/Documents/ARGOS/embedded-rasp-system/lib/build/CMakeFiles/CMakeTmp/src.cxx
cc1plus: warning: command line option ‘-Wno-missing-prototypes’ is valid for C/ObjC but not for C++
/home/danis/Documents/ARGOS/embedded-rasp-system/lib/build/CMakeFiles/CMakeTmp/src.cxx:1: warning: ignoring #pragma   [-Wunknown-pragmas]
    1 | #pragma
      | 
Linking CXX executable cmTC_fcccd
/usr/bin/cmake -E cmake_link_script CMakeFiles/cmTC_fcccd.dir/link.txt --verbose=1
/usr/bin/c++     -fsigned-char -W -Wall -Werror=return-type -Werror=non-virtual-dtor -Werror=address -Werror=sequence-point -Wformat -Werror=format-security -Wmissing-declarations -Wundef -Winit-self -Wpointer-arith -Wshadow -Wsign-promo -Wuninitialized -Wsuggest-override -Wno-delete-non-virtual-dtor -Wno-comment -Wimplicit-fallthrough=3 -Wno-strict-overflow -fdiagnostics-show-option -Wno-long-long -pthread -fomit-frame-pointer -ffunction-sections -fdata-sections  -msse -msse2 -msse3 -fvisibility=hidden -fvisibility-inlines-hidden -Wno-deprecated  -O3 -DNDEBUG  -DNDEBUG    -Wl,--gc-sections -Wl,--as-needed  CMakeFiles/cmTC_fcccd.dir/src.cxx.o  -o cmTC_fcccd 
make[1]: Leaving directory '/home/danis/Documents/ARGOS/embedded-rasp-system/lib/build/CMakeFiles/CMakeTmp'


===== END =====

Build output check failed:
    Regex: 'unrecognized .*option'
    Output line: 'cc1plus: warning: unrecognized command line option ‘-Wno-tautological-undefined-compare’'
Compilation failed:
    source file: '/home/danis/Documents/ARGOS/embedded-rasp-system/lib/build/CMakeFiles/CMakeTmp/src.cxx'
    check option: ' -Wno-tautological-undefined-compare'
===== BUILD LOG =====
Change Dir: /home/danis/Documents/ARGOS/embedded-rasp-system/lib/build/CMakeFiles/CMakeTmp

Run Build Command(s):/usr/bin/make cmTC_54453/fast && /usr/bin/make -f CMakeFiles/cmTC_54453.dir/build.make CMakeFiles/cmTC_54453.dir/build
make[1]: Entering directory '/home/danis/Documents/ARGOS/embedded-rasp-system/lib/build/CMakeFiles/CMakeTmp'
Building CXX object CMakeFiles/cmTC_54453.dir/src.cxx.o
/usr/bin/c++    -fsigned-char -W -Wall -Werror=return-type -Werror=non-virtual-dtor -Werror=address -Werror=sequence-point -Wformat -Werror=format-security -Winit-self -Wpointer-arith -Wuninitialized -Wsuggest-override -Wno-delete-non-virtual-dtor -Wno-comment -Wimplicit-fallthrough=3 -Wno-strict-overflow -fdiagnostics-show-option -Wno-long-long -pthread -fomit-frame-pointer -ffunction-sections -fdata-sections  -msse -msse2 -msse3 -fvisibility=hidden -fvisibility-inlines-hidden -Wno-deprecated -Wno-missing-declarations -Wno-shadow -Wno-unused-parameter -Wno-unused-local-typedefs -Wno-sign-compare -Wno-sign-promo -Wno-undef  -O3 -DNDEBUG  -DNDEBUG -fPIE    -Wno-tautological-undefined-compare -std=c++11 -o CMakeFiles/cmTC_54453.dir/src.cxx.o -c /home/danis/Documents/ARGOS/embedded-rasp-system/lib/build/CMakeFiles/CMakeTmp/src.cxx
/home/danis/Documents/ARGOS/embedded-rasp-system/lib/build/CMakeFiles/CMakeTmp/src.cxx:1: warning: ignoring #pragma   [-Wunknown-pragmas]
    1 | #pragma
      | 
cc1plus: warning: unrecognized command line option ‘-Wno-tautological-undefined-compare’
Linking CXX executable cmTC_54453
/usr/bin/cmake -E cmake_link_script CMakeFiles/cmTC_54453.dir/link.txt --verbose=1
/usr/bin/c++     -fsigned-char -W -Wall -Werror=return-type -Werror=non-virtual-dtor -Werror=address -Werror=sequence-point -Wformat -Werror=format-security -Winit-self -Wpointer-arith -Wuninitialized -Wsuggest-override -Wno-delete-non-virtual-dtor -Wno-comment -Wimplicit-fallthrough=3 -Wno-strict-overflow -fdiagnostics-show-option -Wno-long-long -pthread -fomit-frame-pointer -ffunction-sections -fdata-sections  -msse -msse2 -msse3 -fvisibility=hidden -fvisibility-inlines-hidden -Wno-deprecated -Wno-missing-declarations -Wno-shadow -Wno-unused-parameter -Wno-unused-local-typedefs -Wno-sign-compare -Wno-sign-promo -Wno-undef  -O3 -DNDEBUG  -DNDEBUG    -Wl,--gc-sections -Wl,--as-needed  CMakeFiles/cmTC_54453.dir/src.cxx.o  -o cmTC_54453 
make[1]: Leaving directory '/home/danis/Documents/ARGOS/embedded-rasp-system/lib/build/CMakeFiles/CMakeTmp'


===== END =====

Build output check failed:
    Regex: 'unrecognized .*option'
    Output line: 'cc1plus: warning: unrecognized command line option ‘-Wno-shorten-64-to-32’'
Compilation failed:
    source file: '/home/danis/Documents/ARGOS/embedded-rasp-system/lib/build/CMakeFiles/CMakeTmp/src.cxx'
    check option: ' -Wno-shorten-64-to-32'
===== BUILD LOG =====
Change Dir: /home/danis/Documents/ARGOS/embedded-rasp-system/lib/build/CMakeFiles/CMakeTmp

Run Build Command(s):/usr/bin/make cmTC_3f3c3/fast && /usr/bin/make -f CMakeFiles/cmTC_3f3c3.dir/build.make CMakeFiles/cmTC_3f3c3.dir/build
make[1]: Entering directory '/home/danis/Documents/ARGOS/embedded-rasp-system/lib/build/CMakeFiles/CMakeTmp'
Building CXX object CMakeFiles/cmTC_3f3c3.dir/src.cxx.o
/usr/bin/c++    -fsigned-char -W -Wall -Werror=return-type -Werror=non-virtual-dtor -Werror=address -Werror=sequence-point -Wformat -Werror=format-security -Winit-self -Wpointer-arith -Wuninitialized -Wsuggest-override -Wno-delete-non-virtual-dtor -Wno-comment -Wimplicit-fallthrough=3 -Wno-strict-overflow -fdiagnostics-show-option -Wno-long-long -pthread -fomit-frame-pointer -ffunction-sections -fdata-sections  -msse -msse2 -msse3 -fvisibility=hidden -fvisibility-inlines-hidden -Wno-deprecated -Wno-missing-declarations -Wno-shadow -Wno-unused-parameter -Wno-unused-local-typedefs -Wno-sign-compare -Wno-sign-promo -Wno-undef -Wno-ignored-qualifiers -Wno-extra -Wno-unused-function -Wno-unused-const-variable  -O3 -DNDEBUG  -DNDEBUG -fPIE    -Wno-shorten-64-to-32 -std=c++11 -o CMakeFiles/cmTC_3f3c3.dir/src.cxx.o -c /home/danis/Documents/ARGOS/embedded-rasp-system/lib/build/CMakeFiles/CMakeTmp/src.cxx
/home/danis/Documents/ARGOS/embedded-rasp-system/lib/build/CMakeFiles/CMakeTmp/src.cxx:1: warning: ignoring #pragma   [-Wunknown-pragmas]
    1 | #pragma
      | 
cc1plus: warning: unrecognized command line option ‘-Wno-shorten-64-to-32’
Linking CXX executable cmTC_3f3c3
/usr/bin/cmake -E cmake_link_script CMakeFiles/cmTC_3f3c3.dir/link.txt --verbose=1
/usr/bin/c++     -fsigned-char -W -Wall -Werror=return-type -Werror=non-virtual-dtor -Werror=address -Werror=sequence-point -Wformat -Werror=format-security -Winit-self -Wpointer-arith -Wuninitialized -Wsuggest-override -Wno-delete-non-virtual-dtor -Wno-comment -Wimplicit-fallthrough=3 -Wno-strict-overflow -fdiagnostics-show-option -Wno-long-long -pthread -fomit-frame-pointer -ffunction-sections -fdata-sections  -msse -msse2 -msse3 -fvisibility=hidden -fvisibility-inlines-hidden -Wno-deprecated -Wno-missing-declarations -Wno-shadow -Wno-unused-parameter -Wno-unused-local-typedefs -Wno-sign-compare -Wno-sign-promo -Wno-undef -Wno-ignored-qualifiers -Wno-extra -Wno-unused-function -Wno-unused-const-variable  -O3 -DNDEBUG  -DNDEBUG    -Wl,--gc-sections -Wl,--as-needed  CMakeFiles/cmTC_3f3c3.dir/src.cxx.o  -o cmTC_3f3c3 
make[1]: Leaving directory '/home/danis/Documents/ARGOS/embedded-rasp-system/lib/build/CMakeFiles/CMakeTmp'


===== END =====

Build output check failed:
    Regex: 'unrecognized .*option'
    Output line: 'cc1plus: warning: unrecognized command line option ‘-Wno-enum-compare-switch’'
Compilation failed:
    source file: '/home/danis/Documents/ARGOS/embedded-rasp-system/lib/build/CMakeFiles/CMakeTmp/src.cxx'
    check option: ' -Wno-enum-compare-switch'
===== BUILD LOG =====
Change Dir: /home/danis/Documents/ARGOS/embedded-rasp-system/lib/build/CMakeFiles/CMakeTmp

Run Build Command(s):/usr/bin/make cmTC_0de29/fast && /usr/bin/make -f CMakeFiles/cmTC_0de29.dir/build.make CMakeFiles/cmTC_0de29.dir/build
make[1]: Entering directory '/home/danis/Documents/ARGOS/embedded-rasp-system/lib/build/CMakeFiles/CMakeTmp'
Building CXX object CMakeFiles/cmTC_0de29.dir/src.cxx.o
/usr/bin/c++    -fsigned-char -W -Wall -Werror=return-type -Werror=non-virtual-dtor -Werror=address -Werror=sequence-point -Wformat -Werror=format-security -Winit-self -Wpointer-arith -Wuninitialized -Wsuggest-override -Wno-delete-non-virtual-dtor -Wno-comment -Wimplicit-fallthrough=3 -Wno-strict-overflow -fdiagnostics-show-option -Wno-long-long -pthread -fomit-frame-pointer -ffunction-sections -fdata-sections  -msse -msse2 -msse3 -fvisibility=hidden -fvisibility-inlines-hidden -Wno-deprecated -Wno-missing-declarations -Wno-shadow -Wno-unused-parameter -Wno-unused-local-typedefs -Wno-sign-compare -Wno-sign-promo -Wno-undef -Wno-ignored-qualifiers -Wno-extra -Wno-unused-function -Wno-unused-const-variable -Wno-invalid-offsetof  -O3 -DNDEBUG  -DNDEBUG -fPIE    -Wno-enum-compare-switch -std=c++11 -o CMakeFiles/cmTC_0de29.dir/src.cxx.o -c /home/danis/Documents/ARGOS/embedded-rasp-system/lib/build/CMakeFiles/CMakeTmp/src.cxx
/home/danis/Documents/ARGOS/embedded-rasp-system/lib/build/CMakeFiles/CMakeTmp/src.cxx:1: warning: ignoring #pragma   [-Wunknown-pragmas]
    1 | #pragma
      | 
cc1plus: warning: unrecognized command line option ‘-Wno-enum-compare-switch’
Linking CXX executable cmTC_0de29
/usr/bin/cmake -E cmake_link_script CMakeFiles/cmTC_0de29.dir/link.txt --verbose=1
/usr/bin/c++     -fsigned-char -W -Wall -Werror=return-type -Werror=non-virtual-dtor -Werror=address -Werror=sequence-point -Wformat -Werror=format-security -Winit-self -Wpointer-arith -Wuninitialized -Wsuggest-override -Wno-delete-non-virtual-dtor -Wno-comment -Wimplicit-fallthrough=3 -Wno-strict-overflow -fdiagnostics-show-option -Wno-long-long -pthread -fomit-frame-pointer -ffunction-sections -fdata-sections  -msse -msse2 -msse3 -fvisibility=hidden -fvisibility-inlines-hidden -Wno-deprecated -Wno-missing-declarations -Wno-shadow -Wno-unused-parameter -Wno-unused-local-typedefs -Wno-sign-compare -Wno-sign-promo -Wno-undef -Wno-ignored-qualifiers -Wno-extra -Wno-unused-function -Wno-unused-const-variable -Wno-invalid-offsetof  -O3 -DNDEBUG  -DNDEBUG    -Wl,--gc-sections -Wl,--as-needed  CMakeFiles/cmTC_0de29.dir/src.cxx.o  -o cmTC_0de29 
make[1]: Leaving directory '/home/danis/Documents/ARGOS/embedded-rasp-system/lib/build/CMakeFiles/CMakeTmp'


===== END =====

Build output check failed:
    Regex: 'unrecognized .*option'
    Output line: 'cc1plus: warning: unrecognized command line option ‘-Wno-inconsistent-missing-override’'
Compilation failed:
    source file: '/home/danis/Documents/ARGOS/embedded-rasp-system/lib/build/CMakeFiles/CMakeTmp/src.cxx'
    check option: ' -Wno-inconsistent-missing-override'
===== BUILD LOG =====
Change Dir: /home/danis/Documents/ARGOS/embedded-rasp-system/lib/build/CMakeFiles/CMakeTmp

Run Build Command(s):/usr/bin/make cmTC_262bf/fast && /usr/bin/make -f CMakeFiles/cmTC_262bf.dir/build.make CMakeFiles/cmTC_262bf.dir/build
make[1]: Entering directory '/home/danis/Documents/ARGOS/embedded-rasp-system/lib/build/CMakeFiles/CMakeTmp'
Building CXX object CMakeFiles/cmTC_262bf.dir/src.cxx.o
/usr/bin/c++    -fsigned-char -W -Wall -Werror=return-type -Werror=non-virtual-dtor -Werror=address -Werror=sequence-point -Wformat -Werror=format-security -Winit-self -Wpointer-arith -Wuninitialized -Wno-delete-non-virtual-dtor -Wno-comment -Wimplicit-fallthrough=3 -Wno-strict-overflow -fdiagnostics-show-option -Wno-long-long -pthread -fomit-frame-pointer -ffunction-sections -fdata-sections  -msse -msse2 -msse3 -fvisibility=hidden -fvisibility-inlines-hidden -Wno-deprecated -Wno-missing-declarations -Wno-shadow -Wno-unused-parameter -Wno-unused-local-typedefs -Wno-sign-compare -Wno-sign-promo -Wno-undef -Wno-ignored-qualifiers -Wno-extra -Wno-unused-function -Wno-unused-const-variable -Wno-invalid-offsetof -Wno-suggest-override  -O3 -DNDEBUG  -DNDEBUG -fPIE    -Wno-inconsistent-missing-override -std=c++11 -o CMakeFiles/cmTC_262bf.dir/src.cxx.o -c /home/danis/Documents/ARGOS/embedded-rasp-system/lib/build/CMakeFiles/CMakeTmp/src.cxx
/home/danis/Documents/ARGOS/embedded-rasp-system/lib/build/CMakeFiles/CMakeTmp/src.cxx:1: warning: ignoring #pragma   [-Wunknown-pragmas]
    1 | #pragma
      | 
cc1plus: warning: unrecognized command line option ‘-Wno-inconsistent-missing-override’
Linking CXX executable cmTC_262bf
/usr/bin/cmake -E cmake_link_script CMakeFiles/cmTC_262bf.dir/link.txt --verbose=1
/usr/bin/c++     -fsigned-char -W -Wall -Werror=return-type -Werror=non-virtual-dtor -Werror=address -Werror=sequence-point -Wformat -Werror=format-security -Winit-self -Wpointer-arith -Wuninitialized -Wno-delete-non-virtual-dtor -Wno-comment -Wimplicit-fallthrough=3 -Wno-strict-overflow -fdiagnostics-show-option -Wno-long-long -pthread -fomit-frame-pointer -ffunction-sections -fdata-sections  -msse -msse2 -msse3 -fvisibility=hidden -fvisibility-inlines-hidden -Wno-deprecated -Wno-missing-declarations -Wno-shadow -Wno-unused-parameter -Wno-unused-local-typedefs -Wno-sign-compare -Wno-sign-promo -Wno-undef -Wno-ignored-qualifiers -Wno-extra -Wno-unused-function -Wno-unused-const-variable -Wno-invalid-offsetof -Wno-suggest-override  -O3 -DNDEBUG  -DNDEBUG    -Wl,--gc-sections -Wl,--as-needed  CMakeFiles/cmTC_262bf.dir/src.cxx.o  -o cmTC_262bf 
make[1]: Leaving directory '/home/danis/Documents/ARGOS/embedded-rasp-system/lib/build/CMakeFiles/CMakeTmp'


===== END =====

Determining if the include file sys/videoio.h exists failed with the following output:
Change Dir: /home/danis/Documents/ARGOS/embedded-rasp-system/lib/build/CMakeFiles/CMakeTmp

Run Build Command(s):/usr/bin/make cmTC_8264f/fast && /usr/bin/make -f CMakeFiles/cmTC_8264f.dir/build.make CMakeFiles/cmTC_8264f.dir/build
make[1]: Entering directory '/home/danis/Documents/ARGOS/embedded-rasp-system/lib/build/CMakeFiles/CMakeTmp'
Building C object CMakeFiles/cmTC_8264f.dir/CheckIncludeFile.c.o
/usr/bin/cc   -fsigned-char -W -Wall -Werror=return-type -Werror=address -Werror=sequence-point -Wformat -Werror=format-security -Wmissing-declarations -Wmissing-prototypes -Wstrict-prototypes -Wundef -Winit-self -Wpointer-arith -Wshadow -Wuninitialized -Wno-comment -Wimplicit-fallthrough=3 -Wno-strict-overflow -fdiagnostics-show-option -Wno-long-long -pthread -fomit-frame-pointer -ffunction-sections -fdata-sections  -msse -msse2 -msse3 -fvisibility=hidden  -O3 -DNDEBUG  -DNDEBUG -fPIE   -o CMakeFiles/cmTC_8264f.dir/CheckIncludeFile.c.o   -c /home/danis/Documents/ARGOS/embedded-rasp-system/lib/build/CMakeFiles/CMakeTmp/CheckIncludeFile.c
/home/danis/Documents/ARGOS/embedded-rasp-system/lib/build/CMakeFiles/CMakeTmp/CheckIncludeFile.c:1:10: fatal error: sys/videoio.h: No such file or directory
    1 | #include <sys/videoio.h>
      |          ^~~~~~~~~~~~~~~
compilation terminated.
make[1]: *** [CMakeFiles/cmTC_8264f.dir/build.make:66: CMakeFiles/cmTC_8264f.dir/CheckIncludeFile.c.o] Error 1
make[1]: Leaving directory '/home/danis/Documents/ARGOS/embedded-rasp-system/lib/build/CMakeFiles/CMakeTmp'
make: *** [Makefile:121: cmTC_8264f/fast] Error 2



Build output check failed:
    Regex: 'unrecognized .*option'
    Output line: 'cc1plus: warning: unrecognized command line option ‘-Wno-unused-private-field’'
Compilation failed:
    source file: '/home/danis/Documents/ARGOS/embedded-rasp-system/lib/build/CMakeFiles/CMakeTmp/src.cxx'
    check option: ' -Wno-unused-private-field'
===== BUILD LOG =====
Change Dir: /home/danis/Documents/ARGOS/embedded-rasp-system/lib/build/CMakeFiles/CMakeTmp

Run Build Command(s):/usr/bin/make cmTC_daee3/fast && /usr/bin/make -f CMakeFiles/cmTC_daee3.dir/build.make CMakeFiles/cmTC_daee3.dir/build
make[1]: Entering directory '/home/danis/Documents/ARGOS/embedded-rasp-system/lib/build/CMakeFiles/CMakeTmp'
Building CXX object CMakeFiles/cmTC_daee3.dir/src.cxx.o
/usr/bin/c++    -fsigned-char -W -Wall -Werror=return-type -Werror=non-virtual-dtor -Werror=address -Werror=sequence-point -Wformat -Werror=format-security -Wmissing-declarations -Wundef -Winit-self -Wpointer-arith -Wshadow -Wsign-promo -Wuninitialized -Wsuggest-override -Wno-delete-non-virtual-dtor -Wno-comment -Wimplicit-fallthrough=3 -Wno-strict-overflow -fdiagnostics-show-option -Wno-long-long -pthread -fomit-frame-pointer -ffunction-sections -fdata-sections  -msse -msse2 -msse3 -fvisibility=hidden -fvisibility-inlines-hidden -Wno-unused-function -Wno-deprecated-declarations -Wno-overloaded-virtual  -O3 -DNDEBUG  -DNDEBUG -fPIE    -Wno-unused-private-field -std=c++11 -o CMakeFiles/cmTC_daee3.dir/src.cxx.o -c /home/danis/Documents/ARGOS/embedded-rasp-system/lib/build/CMakeFiles/CMakeTmp/src.cxx
/home/danis/Documents/ARGOS/embedded-rasp-system/lib/build/CMakeFiles/CMakeTmp/src.cxx:1: warning: ignoring #pragma   [-Wunknown-pragmas]
    1 | #pragma
      | 
cc1plus: warning: unrecognized command line option ‘-Wno-unused-private-field’
Linking CXX executable cmTC_daee3
/usr/bin/cmake -E cmake_link_script CMakeFiles/cmTC_daee3.dir/link.txt --verbose=1
/usr/bin/c++     -fsigned-char -W -Wall -Werror=return-type -Werror=non-virtual-dtor -Werror=address -Werror=sequence-point -Wformat -Werror=format-security -Wmissing-declarations -Wundef -Winit-self -Wpointer-arith -Wshadow -Wsign-promo -Wuninitialized -Wsuggest-override -Wno-delete-non-virtual-dtor -Wno-comment -Wimplicit-fallthrough=3 -Wno-strict-overflow -fdiagnostics-show-option -Wno-long-long -pthread -fomit-frame-pointer -ffunction-sections -fdata-sections  -msse -msse2 -msse3 -fvisibility=hidden -fvisibility-inlines-hidden -Wno-unused-function -Wno-deprecated-declarations -Wno-overloaded-virtual  -O3 -DNDEBUG  -DNDEBUG    -Wl,--gc-sections -Wl,--as-needed  CMakeFiles/cmTC_daee3.dir/src.cxx.o  -o cmTC_daee3 
make[1]: Leaving directory '/home/danis/Documents/ARGOS/embedded-rasp-system/lib/build/CMakeFiles/CMakeTmp'


===== END =====

